<?xml version="1.0" encoding="UTF-8" ?>
<testsuite tests="3" failures="0" name="com.money_transfer_api.app.integration.TestAccountService" time="0.847" errors="0" skipped="0">
  <properties>
[...]
</properties>
  <testcase classname="com.money_transfer_api.app.integration.TestAccountService" name="testCreateAccount" time="0.823"/>
  <testcase classname="com.money_transfer_api.app.integration.TestAccountService" name="testGetAllAccounts" time="0.017"/>
  <testcase classname="com.money_transfer_api.app.integration.TestAccountService" name="testGetAccountByUsername" time="0.007"/>
</testsuite>